\BOOKMARK [0][-]{chapter.1}{\376\377\000A\000d\000m\000i\000n\000i\000s\000t\000r\000a\000t\000i\000v\000e\000\040\000S\000y\000s\000t\000e\000m}{}% 1
\BOOKMARK [1][-]{section.1.1}{\376\377\000S\000c\000o\000p\000e\000\040\000a\000n\000d\000\040\000P\000u\000r\000p\000o\000s\000e}{chapter.1}% 2
\BOOKMARK [1][-]{section.1.2}{\376\377\000P\000r\000o\000c\000e\000d\000u\000r\000e}{chapter.1}% 3
\BOOKMARK [0][-]{chapter.2}{\376\377\000S\000e\000e\000d\000\040\000S\000a\000m\000p\000l\000i\000n\000g}{}% 4
\BOOKMARK [1][-]{section.2.1}{\376\377\000S\000c\000o\000p\000e}{chapter.2}% 5
\BOOKMARK [1][-]{section.2.2}{\376\377\000O\000b\000j\000e\000c\000t}{chapter.2}% 6
\BOOKMARK [1][-]{section.2.3}{\376\377\000D\000e\000f\000i\000n\000i\000t\000i\000o\000n\000s}{chapter.2}% 7
\BOOKMARK [1][-]{section.2.4}{\376\377\000C\000o\000n\000d\000i\000t\000i\000o\000n\000s\000\040\000f\000o\000r\000\040\000i\000s\000s\000u\000i\000n\000g\000\040\000O\000r\000a\000n\000g\000e\000\040\000I\000n\000t\000e\000r\000n\000a\000t\000i\000o\000n\000a\000l\000\040\000S\000e\000e\000d\000\040\000L\000o\000t\000\040\000C\000e\000r\000t\000i\000f\000i\000c\000a\000t\000e\000s}{chapter.2}% 8
\BOOKMARK [1][-]{section.2.5}{\376\377\000P\000r\000o\000c\000e\000d\000u\000r\000e\000s\000\040\000f\000o\000r\000\040\000S\000a\000m\000p\000l\000i\000n\000g\000\040\000t\000h\000e\000\040\000L\000o\000t}{chapter.2}% 9
\BOOKMARK [1][-]{section.2.6}{\376\377\000S\000a\000m\000p\000l\000i\000n\000g\000\040\000I\000n\000t\000e\000n\000s\000i\000t\000y}{chapter.2}% 10
\BOOKMARK [1][-]{section.2.7}{\376\377\000S\000a\000m\000p\000l\000i\000n\000g\000\040\000I\000n\000s\000t\000r\000u\000m\000e\000n\000t\000s\000\040\000a\000n\000d\000\040\000M\000e\000t\000h\000o\000d\000s}{chapter.2}% 11
\BOOKMARK [1][-]{section.2.8}{\376\377\000P\000r\000o\000c\000e\000d\000u\000r\000e\000s\000\040\000f\000o\000r\000\040\000o\000b\000t\000a\000i\000n\000i\000n\000g\000\040\000t\000h\000e\000\040\000s\000u\000b\000m\000i\000t\000t\000e\000d\000\040\000a\000n\000d\000\040\000w\000o\000r\000k\000i\000n\000g\000\040\000s\000a\000m\000p\000l\000e}{chapter.2}% 12
\BOOKMARK [1][-]{section.2.9}{\376\377\000H\000e\000t\000e\000r\000o\000g\000e\000n\000e\000i\000t\000y\000\040\000t\000e\000s\000t\000i\000n\000g\000\040\000f\000o\000r\000\040\000s\000e\000e\000d\000\040\000l\000o\000t\000s\000\040\000i\000n\000\040\000m\000u\000l\000t\000i\000p\000l\000e\000\040\000c\000o\000n\000t\000a\000i\000n\000e\000r\000s}{chapter.2}% 13
\BOOKMARK [0][-]{chapter.3}{\376\377\000P\000r\000o\000-\000f\000o\000r\000m\000a\000\040\000f\000o\000r\000\040\000e\000q\000u\000i\000p\000m\000e\000n\000t\000\040\000r\000e\000g\000i\000s\000t\000e\000r}{}% 14
\BOOKMARK [1][-]{section.3.1}{\376\377\000E\000x\000a\000m\000p\000l\000e\000\040\000o\000f\000\040\000P\000r\000o\000-\000f\000o\000r\000m\000a\000\040\000f\000o\000r\000\040\000E\000q\000u\000i\000p\000m\000e\000n\000t\000\040\000R\000e\000g\000i\000s\000t\000e\000r}{chapter.3}% 15
\BOOKMARK [0][-]{chapter.4}{\376\377\000O\000p\000e\000r\000a\000t\000i\000o\000n\000\040\000o\000f\000\040\000s\000t\000a\000f\000f\000\040\000r\000e\000g\000i\000s\000t\000e\000r}{}% 16
\BOOKMARK [0][-]{chapter.5}{\376\377\000O\000p\000e\000r\000a\000t\000i\000o\000n\000\040\000a\000n\000d\000\040\000c\000a\000l\000i\000b\000r\000a\000t\000i\000o\000n\000\040\000o\000f\000\040\000b\000l\000o\000w\000e\000r\000s}{}% 17
\BOOKMARK [1][-]{section.5.1}{\376\377\000S\000c\000o\000p\000e\000\040\000a\000n\000d\000\040\000P\000u\000r\000p\000o\000s\000e\000s}{chapter.5}% 18
\BOOKMARK [1][-]{section.5.2}{\376\377\000P\000r\000i\000n\000c\000i\000p\000l\000e}{chapter.5}% 19
\BOOKMARK [1][-]{section.5.3}{\376\377\000O\000p\000e\000r\000a\000t\000i\000o\000n\000\040\000M\000e\000c\000h\000a\000n\000i\000s\000m}{chapter.5}% 20
\BOOKMARK [1][-]{section.5.4}{\376\377\000C\000a\000l\000i\000b\000r\000a\000t\000i\000o\000n\000\040\000o\000f\000\040\000t\000h\000e\000\040\000B\000l\000o\000w\000e\000r}{chapter.5}% 21
\BOOKMARK [0][-]{chapter.6}{\376\377\000U\000s\000e\000\040\000a\000n\000d\000\040\000c\000a\000l\000i\000b\000r\000a\000t\000i\000o\000n\000\040\000o\000f\000\040\000b\000a\000l\000a\000n\000c\000e\000s}{}% 22
\BOOKMARK [1][-]{section.6.1}{\376\377\000S\000c\000o\000p\000e\000\040\000a\000n\000d\000\040\000p\000u\000r\000p\000o\000s\000e\000s}{chapter.6}% 23
\BOOKMARK [1][-]{section.6.2}{\376\377\000P\000r\000i\000n\000c\000i\000p\000l\000e}{chapter.6}% 24
\BOOKMARK [1][-]{section.6.3}{\376\377\000K\000i\000n\000d\000s\000\040\000o\000f\000\040\000B\000a\000l\000a\000n\000c\000e\000s}{chapter.6}% 25
\BOOKMARK [1][-]{section.6.4}{\376\377\000O\000p\000e\000r\000a\000t\000i\000n\000g\000\040\000P\000r\000o\000c\000e\000d\000u\000r\000e\000\040\000f\000o\000r\000\040\000C\000a\000l\000i\000b\000r\000a\000t\000i\000o\000n}{chapter.6}% 26
\BOOKMARK [0][-]{chapter.7}{\376\377\000U\000s\000e\000\040\000a\000n\000d\000\040\000c\000a\000l\000i\000b\000r\000a\000t\000i\000o\000n\000\040\000o\000f\000\040\000t\000h\000e\000r\000m\000o\000m\000e\000t\000e\000r}{}% 27
\BOOKMARK [1][-]{section.7.1}{\376\377\000S\000c\000o\000p\000e\000\040\000a\000n\000d\000\040\000P\000u\000r\000p\000o\000s\000e}{chapter.7}% 28
\BOOKMARK [1][-]{section.7.2}{\376\377\000P\000r\000i\000n\000c\000i\000p\000l\000e}{chapter.7}% 29
\BOOKMARK [1][-]{section.7.3}{\376\377\000O\000p\000e\000r\000a\000t\000i\000n\000g\000\040\000P\000r\000o\000c\000e\000d\000u\000r\000e\000\040\000f\000o\000r\000\040\000C\000a\000l\000i\000b\000r\000a\000t\000i\000o\000n}{chapter.7}% 30
\BOOKMARK [1][-]{section.7.4}{\376\377\000M\000o\000n\000i\000t\000o\000r\000i\000n\000g\000\040\000P\000r\000o\000c\000e\000d\000u\000r\000e}{chapter.7}% 31
\BOOKMARK [0][-]{chapter.8}{\376\377\000S\000e\000e\000d\000\040\000r\000e\000g\000i\000s\000t\000r\000a\000t\000i\000o\000n\000\040\000s\000y\000s\000t\000e\000m}{}% 32
\BOOKMARK [1][-]{section.8.1}{\376\377\000S\000c\000o\000p\000e\000\040\000a\000n\000d\000\040\000P\000u\000r\000p\000o\000s\000e}{chapter.8}% 33
\BOOKMARK [1][-]{section.8.2}{\376\377\000P\000r\000o\000c\000e\000d\000u\000r\000e}{chapter.8}% 34
\BOOKMARK [0][-]{chapter.9}{\376\377\000S\000a\000m\000p\000l\000e\000\040\000m\000i\000x\000i\000n\000g\000,\000\040\000c\000a\000l\000i\000b\000r\000a\000t\000i\000o\000n\000\040\000o\000f\000\040\000d\000i\000v\000i\000d\000e\000r\000s\000\040\000a\000n\000d\000\040\000o\000p\000e\000r\000a\000t\000i\000o\000n\000\040\000o\000f\000\040\000s\000e\000e\000d\000\040\000d\000i\000v\000i\000d\000e\000r\000\040\000r\000e\000g\000i\000s\000t\000e\000r}{}% 35
\BOOKMARK [1][-]{section.9.1}{\376\377\000S\000c\000o\000p\000e\000\040\000a\000n\000d\000\040\000p\000u\000r\000p\000o\000s\000e}{chapter.9}% 36
\BOOKMARK [1][-]{section.9.2}{\376\377\000P\000r\000i\000n\000c\000i\000p\000l\000e\000\040\000a\000n\000d\000\040\000M\000e\000t\000h\000o\000d\000o\000l\000o\000g\000y}{chapter.9}% 37
\BOOKMARK [1][-]{section.9.3}{\376\377\000M\000e\000t\000h\000o\000d\000o\000l\000o\000g\000y}{chapter.9}% 38
\BOOKMARK [1][-]{section.9.4}{\376\377\000P\000e\000r\000s\000o\000n\000s\000\040\000R\000e\000s\000p\000o\000n\000s\000i\000b\000l\000e\000\040\000f\000o\000r\000\040\000A\000c\000t\000i\000o\000n}{chapter.9}% 39
\BOOKMARK [1][-]{section.9.5}{\376\377\000O\000p\000e\000r\000a\000t\000i\000o\000n\000\040\000o\000f\000\040\000t\000h\000e\000\040\000S\000e\000e\000d\000\040\000D\000i\000v\000i\000d\000e\000r\000\040\000R\000e\000g\000i\000s\000t\000e\000r}{chapter.9}% 40
\BOOKMARK [1][-]{section.9.6}{\376\377\000R\000e\000g\000u\000l\000a\000r\000\040\000C\000a\000l\000i\000b\000r\000a\000t\000i\000o\000n\000\040\000o\000f\000\040\000S\000e\000e\000d\000\040\000D\000i\000v\000i\000d\000e\000r}{chapter.9}% 41
\BOOKMARK [1][-]{section.9.7}{\376\377\000A\000c\000t\000i\000o\000n\000\040\000o\000n\000\040\000F\000a\000i\000l\000u\000r\000e}{chapter.9}% 42
\BOOKMARK [0][-]{chapter.10}{\376\377\000O\000p\000e\000r\000a\000t\000i\000o\000n\000\040\000a\000n\000d\000\040\000m\000a\000i\000n\000t\000e\000n\000a\000n\000c\000e\000\040\000o\000f\000\040\000t\000h\000e\000\040\000s\000e\000e\000d\000\040\000r\000e\000f\000e\000r\000e\000n\000c\000e\000\040\000c\000o\000l\000l\000e\000c\000t\000i\000o\000n}{}% 43
\BOOKMARK [1][-]{section.10.1}{\376\377\000S\000c\000o\000p\000e\000\040\000a\000n\000d\000\040\000P\000u\000r\000p\000o\000s\000e}{chapter.10}% 44
\BOOKMARK [1][-]{section.10.2}{\376\377\000P\000r\000i\000n\000c\000i\000p\000l\000e}{chapter.10}% 45
\BOOKMARK [1][-]{section.10.3}{\376\377\000P\000e\000r\000s\000o\000n\000s\000\040\000R\000e\000s\000p\000o\000n\000s\000i\000b\000l\000e\000\040\000f\000o\000r\000\040\000A\000c\000t\000i\000o\000n}{chapter.10}% 46
\BOOKMARK [1][-]{section.10.4}{\376\377\000N\000o\000m\000e\000n\000c\000l\000a\000t\000u\000r\000e\000\040\000a\000n\000d\000\040\000C\000l\000a\000s\000s\000i\000f\000i\000c\000a\000t\000i\000o\000n}{chapter.10}% 47
\BOOKMARK [1][-]{section.10.5}{\376\377\000M\000a\000i\000n\000\040\000S\000e\000e\000d\000\040\000R\000e\000f\000e\000r\000e\000n\000c\000e\000\040\000C\000o\000l\000l\000e\000c\000t\000i\000o\000n}{chapter.10}% 48
\BOOKMARK [0][-]{chapter.11}{\376\377\000P\000h\000y\000s\000i\000c\000a\000l\000\040\000p\000u\000r\000i\000t\000y\000\040\000t\000e\000s\000t}{}% 49
\BOOKMARK [0][-]{chapter.12}{\376\377\000G\000e\000r\000m\000i\000n\000a\000t\000i\000o\000n\000\040\000t\000e\000s\000t}{}% 50
\BOOKMARK [0][-]{chapter.13}{\376\377\000D\000e\000t\000e\000r\000m\000i\000n\000a\000t\000i\000o\000n\000\040\000o\000f\000\040\000s\000e\000e\000d\000\040\000m\000o\000i\000s\000t\000u\000r\000e\000\040\000c\000o\000n\000t\000e\000n\000t}{}% 51
\BOOKMARK [0][-]{chapter.14}{\376\377\000D\000e\000t\000e\000r\000m\000i\000n\000a\000t\000i\000o\000n\000\040\000o\000f\000\040\000o\000t\000h\000e\000r\000\040\000s\000e\000e\000d\000\040\000n\000u\000m\000b\000e\000r}{}% 52
\BOOKMARK [0][-]{chapter.15}{\376\377\000D\000e\000t\000e\000r\000m\000i\000n\000a\000t\000i\000o\000n\000\040\000o\000f\000\040\000t\000h\000o\000u\000s\000a\000n\000d\000\040\000s\000e\000e\000d\000\040\000w\000e\000i\000g\000h\000t}{}% 53
\BOOKMARK [0][-]{chapter.16}{\376\377\000T\000e\000t\000r\000a\000z\000o\000l\000i\000u\000m\000\040\000t\000e\000s\000t}{}% 54
\BOOKMARK [0][-]{chapter.17}{\376\377\000V\000a\000r\000i\000a\000t\000i\000o\000n\000\040\000i\000n\000\040\000s\000e\000e\000d\000\040\000t\000e\000s\000t\000i\000n\000g\000\040\000a\000n\000d\000\040\000t\000h\000e\000\040\000u\000s\000e\000\040\000o\000f\000\040\000t\000o\000l\000e\000r\000a\000n\000c\000e\000s\000\040\000a\000n\000d\000\040\000l\000i\000m\000i\000t\000s\000\040\000o\000f\000\040\000v\000a\000r\000i\000a\000t\000i\000o\000n}{}% 55
\BOOKMARK [0][-]{chapter.18}{\376\377\000P\000r\000o\000d\000u\000c\000t\000i\000o\000n\000\040\000a\000n\000d\000\040\000c\000o\000n\000t\000r\000o\000l\000\040\000o\000f\000\040\000m\000e\000d\000i\000a}{}% 56
\BOOKMARK [0][-]{chapter.19}{\376\377\000G\000u\000a\000r\000d\000\040\000s\000a\000m\000p\000l\000e\000\040\000s\000t\000o\000r\000a\000g\000e}{}% 57
\BOOKMARK [0][-]{chapter.20}{\376\377\000P\000r\000o\000c\000e\000d\000u\000r\000e\000\040\000f\000o\000r\000\040\000c\000h\000e\000c\000k\000\040\000o\000n\000\040\000g\000e\000r\000m\000i\000n\000a\000t\000i\000o\000n\000\040\000s\000u\000b\000s\000t\000r\000a\000t\000e}{}% 58
\BOOKMARK [0][-]{chapter.21}{\376\377\000I\000s\000s\000u\000i\000n\000g\000\040\000o\000f\000\040\000I\000S\000T\000A\000\040\000c\000e\000r\000t\000i\000f\000i\000c\000a\000t\000e\000s}{}% 59
\BOOKMARK [0][-]{chapter.22}{\376\377\000P\000r\000o\000f\000i\000c\000i\000e\000n\000c\000y\000\040\000s\000a\000m\000p\000l\000e\000\040\000t\000e\000s\000t\000i\000n\000g}{}% 60
